2022-07-25 at 22:01:39 | INFO |get_training_pipeline_config |
 Training pipeline config: TrainingPipelineConfig(experiment_id='bc4377fc-e637-4922-a7c9-3438f286c8ab', previous_experiment_id='569bf272-b144-42e9-9291-430c7ccbe322', artifact_dir='/home/pk/Desktop/MachineLearning/project/BigMart-Sales-Data/BigmartsalesPrediction/app_artifact', experiment_file_path='/home/pk/Desktop/MachineLearning/project/BigMart-Sales-Data/BigmartsalesPrediction/app_artifact/experiment/experiment.csv')
2022-07-25 at 22:01:39 | INFO |run_pipeline |
 Pipeline starting.
2022-07-25 at 22:01:39 | INFO |run_pipeline |
 Pipeline experiment: bc4377fc-e637-4922-a7c9-3438f286c8ab
2022-07-25 at 22:01:39 | INFO |main |
 main function execution completed.
2022-07-25 at 22:01:39 | INFO |get_data_ingestion_config |
 Data Ingestion config: DataIngestionConfig(train_dataset_download_url='https://raw.githubusercontent.com/pk1308/datasets/master/BigMartSales/Train.csv', raw_file_path='/home/pk/Desktop/MachineLearning/project/BigMart-Sales-Data/BigmartsalesPrediction/app_artifact/stage00_data_ingestion/bc4377fc-e637-4922-a7c9-3438f286c8ab/raw_data/Train.csv', ingested_test_data_path='/home/pk/Desktop/MachineLearning/project/BigMart-Sales-Data/BigmartsalesPrediction/app_artifact/stage00_data_ingestion/bc4377fc-e637-4922-a7c9-3438f286c8ab/ingested_data/Test.csv', ingested_train_data_path='/home/pk/Desktop/MachineLearning/project/BigMart-Sales-Data/BigmartsalesPrediction/app_artifact/stage00_data_ingestion/bc4377fc-e637-4922-a7c9-3438f286c8ab/ingested_data/Train.csv')
2022-07-25 at 22:01:39 | INFO |__init__ |
 >>>>>>>>>>>>>>>>>>>>>>>>>>>>>>>>>>>>>>>>Data Ingestion log started.<<<<<<<<<<<<<<<<<<<<<<<<<<<<<<<<<<<<<<<< 
2022-07-25 at 22:01:40 | INFO |download_data |
 Downloading file from :[https://raw.githubusercontent.com/pk1308/datasets/master/BigMartSales/Train.csv] into :[/home/pk/Desktop/MachineLearning/project/BigMart-Sales-Data/BigmartsalesPrediction/app_artifact/stage00_data_ingestion/bc4377fc-e637-4922-a7c9-3438f286c8ab/raw_data/Train.csv]
2022-07-25 at 22:01:40 | INFO |split_data_as_train_test |
 Reading csv file: [/home/pk/Desktop/MachineLearning/project/BigMart-Sales-Data/BigmartsalesPrediction/app_artifact/stage00_data_ingestion/bc4377fc-e637-4922-a7c9-3438f286c8ab/raw_data/Train.csv]
2022-07-25 at 22:01:40 | INFO |split_data_as_train_test |
 Splitting data into train and test
2022-07-25 at 22:01:40 | INFO |split_data_as_train_test |
 Exporting training dataset to file: [/home/pk/Desktop/MachineLearning/project/BigMart-Sales-Data/BigmartsalesPrediction/app_artifact/stage00_data_ingestion/bc4377fc-e637-4922-a7c9-3438f286c8ab/ingested_data/Train.csv]
2022-07-25 at 22:01:40 | INFO |split_data_as_train_test |
 Exporting test dataset to file: [/home/pk/Desktop/MachineLearning/project/BigMart-Sales-Data/BigmartsalesPrediction/app_artifact/stage00_data_ingestion/bc4377fc-e637-4922-a7c9-3438f286c8ab/ingested_data/Test.csv]
2022-07-25 at 22:01:40 | INFO |split_data_as_train_test |
 Data Ingestion artifact:[DataIngestionArtifact(train_file_path='/home/pk/Desktop/MachineLearning/project/BigMart-Sales-Data/BigmartsalesPrediction/app_artifact/stage00_data_ingestion/bc4377fc-e637-4922-a7c9-3438f286c8ab/ingested_data/Train.csv', test_file_path='/home/pk/Desktop/MachineLearning/project/BigMart-Sales-Data/BigmartsalesPrediction/app_artifact/stage00_data_ingestion/bc4377fc-e637-4922-a7c9-3438f286c8ab/ingested_data/Test.csv', is_ingested=True, message='Data ingestion completed successfully.')]
2022-07-25 at 22:01:40 | INFO |__del__ |
 >>>>>>>>>>>>>>>>>>>>>>>>>>>>>>>>>>>>>>>>Data Ingestion log completed.<<<<<<<<<<<<<<<<<<<<<<<<<<<<<<<<<<<<<<<< 


2022-07-25 at 22:01:40 | INFO |__init__ |
 >>>>>>>>>>>>>>>>>>>>>>>>>>>>>>>>>>>>>>>>>>>>>>>>>>>>>>>>>>>>Data Validation log started.<<<<<<<<<<<<<<<<<<<<<<<<<<<<<<<<<<<<<<<<<<<<<<<<<<<<<<<<<<<< 


2022-07-25 at 22:01:40 | INFO |is_train_test_file_exists |
 Checking if training and test file is available
2022-07-25 at 22:01:40 | INFO |is_train_test_file_exists |
 Is train and test file exists?-> True
2022-07-25 at 22:01:40 | INFO |initiate_data_validation |
 Data validation artifact: DataValidationArtifact(schema_file_path='/home/pk/Desktop/MachineLearning/project/BigMart-Sales-Data/config/schema.yaml', report_file_path='/home/pk/Desktop/MachineLearning/project/BigMart-Sales-Data/BigmartsalesPrediction/app_artifact/stage01_data_validation/bc4377fc-e637-4922-a7c9-3438f286c8ab/report/report.json', report_page_file_path='/home/pk/Desktop/MachineLearning/project/BigMart-Sales-Data/BigmartsalesPrediction/app_artifact/stage01_data_validation/bc4377fc-e637-4922-a7c9-3438f286c8ab/report/report.html', is_validated=True, message='Data Validation performed successfully.')
2022-07-25 at 22:01:40 | INFO |__del__ |
 >>>>>>>>>>>>>>>>>>>>>>>>>>>>>>>>>>>>>>>>>>>>>>>>>>>>>>>>>>>>Data Validation log completed.<<<<<<<<<<<<<<<<<<<<<<<<<<<<<<<<<<<<<<<<<<<<<<<<<<<<<<<<<<<< 


2022-07-25 at 22:01:40 | INFO |get_data_transformation_config |
 Data transformation config: DataTransformationConfig(transformed_train_dir='/home/pk/Desktop/MachineLearning/project/BigMart-Sales-Data/BigmartsalesPrediction/app_artifact/stage02_data_transformation/bc4377fc-e637-4922-a7c9-3438f286c8ab/stage02_data_transformation/train', transformed_test_dir='/home/pk/Desktop/MachineLearning/project/BigMart-Sales-Data/BigmartsalesPrediction/app_artifact/stage02_data_transformation/bc4377fc-e637-4922-a7c9-3438f286c8ab/stage02_data_transformation/test', preprocessed_object_file_path='/home/pk/Desktop/MachineLearning/project/BigMart-Sales-Data/BigmartsalesPrediction/app_artifact/stage02_data_transformation/bc4377fc-e637-4922-a7c9-3438f286c8ab/stage02_data_transformation/preprocessed/preprocessed.pkl')
2022-07-25 at 22:01:40 | INFO |__init__ |
 >>>>>>>>>>>>>>>>>>>>>>>>>>>>>>>>>>>>>>>>>>>>>>>>>>>>>>>>>>>>Data Transformation log started.<<<<<<<<<<<<<<<<<<<<<<<<<<<<<<<<<<<<<<<<<<<<<<<<<<<<<<<<<<<< 
2022-07-25 at 22:01:40 | INFO |initiate_data_transformation |
 Obtaining preprocessing object.
2022-07-25 at 22:01:40 | INFO |get_data_transformer_object |
 Categorical columns: ['Item_Type', 'Outlet_Type']
2022-07-25 at 22:01:40 | INFO |get_data_transformer_object |
 Numerical columns: ['Item_Weight', 'Item_Visibility', 'Item_MRP']
2022-07-25 at 22:01:40 | INFO |initiate_data_transformation |
 Obtaining training and test file path.
2022-07-25 at 22:01:40 | INFO |initiate_data_transformation |
 Selected columns: dict_keys(['Item_Fat_Content', 'Item_Identifier', 'Item_MRP', 'Item_Outlet_Sales', 'Item_Type', 'Item_Visibility', 'Item_Weight', 'Outlet_Establishment_Year', 'Outlet_Identifier', 'Outlet_Location_Type', 'Outlet_Size', 'Outlet_Type'])
2022-07-25 at 22:01:40 | INFO |initiate_data_transformation |
 Loading training and test data as pandas dataframe.
2022-07-25 at 22:01:40 | INFO |initiate_data_transformation |
 Splitting input and target feature from training and testing dataframe.
2022-07-25 at 22:01:40 | INFO |initiate_data_transformation |
 Applying preprocessing object on training dataframe and testing dataframe
2022-07-25 at 22:01:49 | INFO |transform |
 Transforming data
2022-07-25 at 22:01:49 | INFO |transform |
 Transforming data
2022-07-25 at 22:01:49 | INFO |initiate_data_transformation |
 Saving transformed training and testing array.
2022-07-25 at 22:01:49 | INFO |initiate_data_transformation |
 Saving preprocessing object.
2022-07-25 at 22:01:49 | INFO |initiate_data_transformation |
 Data transformations artifact: DataTransformationArtifact(is_transformed=True, message='Data transformation successfully.', transformed_train_file_path='/home/pk/Desktop/MachineLearning/project/BigMart-Sales-Data/BigmartsalesPrediction/app_artifact/stage02_data_transformation/bc4377fc-e637-4922-a7c9-3438f286c8ab/stage02_data_transformation/train/Train.npz', transformed_test_file_path='/home/pk/Desktop/MachineLearning/project/BigMart-Sales-Data/BigmartsalesPrediction/app_artifact/stage02_data_transformation/bc4377fc-e637-4922-a7c9-3438f286c8ab/stage02_data_transformation/test/Test.npz', preprocessed_object_file_path='/home/pk/Desktop/MachineLearning/project/BigMart-Sales-Data/BigmartsalesPrediction/app_artifact/stage02_data_transformation/bc4377fc-e637-4922-a7c9-3438f286c8ab/stage02_data_transformation/preprocessed/preprocessed.pkl')
2022-07-25 at 22:01:49 | INFO |__del__ |
 >>>>>>>>>>>>>>>>>>>>>>>>>>>>>>>>>>>>>>>>>>>>>>>>>>>>>>>>>>>>Data Transformation log completed.<<<<<<<<<<<<<<<<<<<<<<<<<<<<<<<<<<<<<<<<<<<<<<<<<<<<<<<<<<<< 


2022-07-25 at 22:01:49 | INFO |get_model_trainer_config |
 Model trainer config: ModelTrainerConfig(trained_model_file_path='/home/pk/Desktop/MachineLearning/project/BigMart-Sales-Data/BigmartsalesPrediction/app_artifact/stage03_model_training/bc4377fc-e637-4922-a7c9-3438f286c8ab/trained_model/model.pkl', base_accuracy=0.5, model_config_file_path='config/model.yaml', stacked=True)
2022-07-25 at 22:01:49 | INFO |__init__ |
 >>>>>>>>>>>>>>>>>>>>>>>>>>>>>>>>>>>>>>>>>>>>>>>>>>>>>>>>>>>>Model trainer log started.<<<<<<<<<<<<<<<<<<<<<<<<<<<<<<<<<<<<<<<<<<<<<<<<<<<<<<<<<<<< 
2022-07-25 at 22:01:49 | INFO |initiate_model_trainer |
 Loading transformed training dataset
2022-07-25 at 22:01:49 | INFO |initiate_model_trainer |
 Loading transformed testing dataset
2022-07-25 at 22:01:49 | INFO |initiate_model_trainer |
 Splitting training and testing input and target feature
2022-07-25 at 22:01:49 | INFO |initiate_model_trainer |
 Extracting model config file path
2022-07-25 at 22:01:49 | INFO |initiate_model_trainer |
 Initializing model factory class using above model config file: config/model.yaml
2022-07-25 at 22:01:49 | INFO |initiate_model_trainer |
 Expected accuracy: 0.5
2022-07-25 at 22:01:49 | INFO |initiate_model_trainer |
 Initiating operation model selection
2022-07-25 at 22:01:49 | INFO |get_best_model |
 Started Initializing model from config file
2022-07-25 at 22:01:49 | INFO |class_for_name |
 Executing command: from <module 'sklearn.ensemble' from '/home/pk/Desktop/MachineLearning/project/BigMart-Sales-Data/venv/lib/python3.7/site-packages/sklearn/ensemble/__init__.py'> import RandomForestRegressor
2022-07-25 at 22:01:49 | INFO |class_for_name |
 Executing command: from <module 'xgboost' from '/home/pk/Desktop/MachineLearning/project/BigMart-Sales-Data/venv/lib/python3.7/site-packages/xgboost/__init__.py'> import XGBRegressor
2022-07-25 at 22:01:49 | INFO |class_for_name |
 Executing command: from <module 'catboost' from '/home/pk/Desktop/MachineLearning/project/BigMart-Sales-Data/venv/lib/python3.7/site-packages/catboost/__init__.py'> import CatBoostRegressor
2022-07-25 at 22:01:49 | INFO |get_best_model |
 Initialized model: [InitializedModelDetail(model_serial_number='model_1', model=RandomForestRegressor(), param_grid_search={'criterion': ['friedman_mse'], 'n_estimators': [100], 'max_depth': [5, 6, 8], 'max_features': ['auto']}, model_name='sklearn.ensemble.RandomForestRegressor'), InitializedModelDetail(model_serial_number='model_2', model=XGBRegressor(base_score=None, booster=None, callbacks=None,
             colsample_bylevel=None, colsample_bynode=None,
             colsample_bytree=None, early_stopping_rounds=None,
             enable_categorical=False, eval_metric=None, gamma=None,
             gpu_id=None, grow_policy=None, importance_type=None,
             interaction_constraints=None, learning_rate=None, max_bin=None,
             max_cat_to_onehot=None, max_delta_step=None, max_depth=None,
             max_leaves=None, min_child_weight=None, missing=nan,
             monotone_constraints=None, n_estimators=100, n_jobs=None,
             num_parallel_tree=None, predictor=None, random_state=None,
             reg_alpha=None, reg_lambda=None, ...), param_grid_search={'booster': ['gbtree', 'dart'], 'n_estimators': [100], 'learning_rate': [0.1, 0.001]}, model_name='xgboost.XGBRegressor'), InitializedModelDetail(model_serial_number='model_3', model=<catboost.core.CatBoostRegressor object at 0x7f198c5e5090>, param_grid_search={'iterations': [100], 'learning_rate': [0.1, 0.2], 'depth': [4, 5], 'l2_leaf_reg': [0.4, 0.5]}, model_name='catboost.CatBoostRegressor')]
2022-07-25 at 22:01:49 | INFO |class_for_name |
 Executing command: from <module 'sklearn.model_selection' from '/home/pk/Desktop/MachineLearning/project/BigMart-Sales-Data/venv/lib/python3.7/site-packages/sklearn/model_selection/__init__.py'> import GridSearchCV
2022-07-25 at 22:01:49 | INFO |update_property_of_class |
 Executing:$ GridSearchCV(estimator=RandomForestRegressor(),
             param_grid={'criterion': ['friedman_mse'], 'max_depth': [5, 6, 8],
                         'max_features': ['auto'], 'n_estimators': [100]}).cv=5
2022-07-25 at 22:01:49 | INFO |update_property_of_class |
 Executing:$ GridSearchCV(cv=5, estimator=RandomForestRegressor(),
             param_grid={'criterion': ['friedman_mse'], 'max_depth': [5, 6, 8],
                         'max_features': ['auto'], 'n_estimators': [100]}).verbose=2
2022-07-25 at 22:01:49 | INFO |update_property_of_class |
 Executing:$ GridSearchCV(cv=5, estimator=RandomForestRegressor(),
             param_grid={'criterion': ['friedman_mse'], 'max_depth': [5, 6, 8],
                         'max_features': ['auto'], 'n_estimators': [100]},
             verbose=2).n_jobs=-1
2022-07-25 at 22:01:49 | INFO |execute_grid_search_operation |
 >>>>>>>>>>>>>>>>>>>>>>>>>>>>>>>>>>>>>>>>>>>>>>>>>>>>>>>>>>>> f"Training RandomForestRegressor Started." <<<<<<<<<<<<<<<<<<<<<<<<<<<<<<<<<<<<<<<<<<<<<<<<<<<<<<<<<<<<
2022-07-25 at 22:01:53 | INFO |execute_grid_search_operation |
 >>>>>>>>>>>>>>>>>>>>>>>>>>>>>>>>>>>>>>>>>>>>>>>>>>>>>>>>>>>> f"Training RandomForestRegressor Finished" <<<<<<<<<<<<<<<<<<<<<<<<<<<<<<<<<<<<<<<<<<<<<<<<<<<<<<<<<<<<
2022-07-25 at 22:01:53 | INFO |execute_grid_search_operation |
 >>>>>>>>>>>>>>>>>>>> Best model: >>>>>>>>>>>>>>>>>>>>
2022-07-25 at 22:01:53 | INFO |execute_grid_search_operation |
 RandomForestRegressor(criterion='friedman_mse', max_depth=6)
2022-07-25 at 22:01:53 | INFO |execute_grid_search_operation |
 >>>>>>>>>>>>>>>>>>>> Best Score: >>>>>>>>>>>>>>>>>>>>
2022-07-25 at 22:01:53 | INFO |execute_grid_search_operation |
 0.5944030193152507
2022-07-25 at 22:01:53 | INFO |execute_grid_search_operation |
 >>>>>>>>>>>>>>>>>>>> Best Params: >>>>>>>>>>>>>>>>>>>>
2022-07-25 at 22:01:53 | INFO |execute_grid_search_operation |
 {'criterion': 'friedman_mse', 'max_depth': 6, 'max_features': 'auto', 'n_estimators': 100}
2022-07-25 at 22:01:53 | INFO |class_for_name |
 Executing command: from <module 'sklearn.model_selection' from '/home/pk/Desktop/MachineLearning/project/BigMart-Sales-Data/venv/lib/python3.7/site-packages/sklearn/model_selection/__init__.py'> import GridSearchCV
2022-07-25 at 22:01:53 | INFO |update_property_of_class |
 Executing:$ GridSearchCV(estimator=XGBRegressor(base_score=None, booster=None,
                                    callbacks=None, colsample_bylevel=None,
                                    colsample_bynode=None,
                                    colsample_bytree=None,
                                    early_stopping_rounds=None,
                                    enable_categorical=False, eval_metric=None,
                                    gamma=None, gpu_id=None, grow_policy=None,
                                    importance_type=None,
                                    interaction_constraints=None,
                                    learning_rate=None, max_bin=None,
                                    max_cat_to_onehot=None, max_delta_step=None,
                                    max_depth=None, max_leaves=None,
                                    min_child_weight=None, missing=nan,
                                    monotone_constraints=None, n_estimators=100,
                                    n_jobs=None, num_parallel_tree=None,
                                    predictor=None, random_state=None,
                                    reg_alpha=None, reg_lambda=None, ...),
             param_grid={'booster': ['gbtree', 'dart'],
                         'learning_rate': [0.1, 0.001], 'n_estimators': [100]}).cv=5
2022-07-25 at 22:01:53 | INFO |update_property_of_class |
 Executing:$ GridSearchCV(cv=5,
             estimator=XGBRegressor(base_score=None, booster=None,
                                    callbacks=None, colsample_bylevel=None,
                                    colsample_bynode=None,
                                    colsample_bytree=None,
                                    early_stopping_rounds=None,
                                    enable_categorical=False, eval_metric=None,
                                    gamma=None, gpu_id=None, grow_policy=None,
                                    importance_type=None,
                                    interaction_constraints=None,
                                    learning_rate=None, max_bin=None,
                                    max_cat_to_onehot=None, max_delta_step=None,
                                    max_depth=None, max_leaves=None,
                                    min_child_weight=None, missing=nan,
                                    monotone_constraints=None, n_estimators=100,
                                    n_jobs=None, num_parallel_tree=None,
                                    predictor=None, random_state=None,
                                    reg_alpha=None, reg_lambda=None, ...),
             param_grid={'booster': ['gbtree', 'dart'],
                         'learning_rate': [0.1, 0.001], 'n_estimators': [100]}).verbose=2
2022-07-25 at 22:01:53 | INFO |update_property_of_class |
 Executing:$ GridSearchCV(cv=5,
             estimator=XGBRegressor(base_score=None, booster=None,
                                    callbacks=None, colsample_bylevel=None,
                                    colsample_bynode=None,
                                    colsample_bytree=None,
                                    early_stopping_rounds=None,
                                    enable_categorical=False, eval_metric=None,
                                    gamma=None, gpu_id=None, grow_policy=None,
                                    importance_type=None,
                                    interaction_constraints=None,
                                    learning_rate=None, max_bin=None,
                                    max_cat_to_onehot=None, max_delta_step=None,
                                    max_depth=None, max_leaves=None,
                                    min_child_weight=None, missing=nan,
                                    monotone_constraints=None, n_estimators=100,
                                    n_jobs=None, num_parallel_tree=None,
                                    predictor=None, random_state=None,
                                    reg_alpha=None, reg_lambda=None, ...),
             param_grid={'booster': ['gbtree', 'dart'],
                         'learning_rate': [0.1, 0.001], 'n_estimators': [100]},
             verbose=2).n_jobs=-1
2022-07-25 at 22:01:53 | INFO |execute_grid_search_operation |
 >>>>>>>>>>>>>>>>>>>>>>>>>>>>>>>>>>>>>>>>>>>>>>>>>>>>>>>>>>>> f"Training XGBRegressor Started." <<<<<<<<<<<<<<<<<<<<<<<<<<<<<<<<<<<<<<<<<<<<<<<<<<<<<<<<<<<<
2022-07-25 at 22:01:56 | INFO |execute_grid_search_operation |
 >>>>>>>>>>>>>>>>>>>>>>>>>>>>>>>>>>>>>>>>>>>>>>>>>>>>>>>>>>>> f"Training XGBRegressor Finished" <<<<<<<<<<<<<<<<<<<<<<<<<<<<<<<<<<<<<<<<<<<<<<<<<<<<<<<<<<<<
2022-07-25 at 22:01:56 | INFO |execute_grid_search_operation |
 >>>>>>>>>>>>>>>>>>>> Best model: >>>>>>>>>>>>>>>>>>>>
2022-07-25 at 22:01:56 | INFO |execute_grid_search_operation |
 XGBRegressor(base_score=0.5, booster='gbtree', callbacks=None,
             colsample_bylevel=1, colsample_bynode=1, colsample_bytree=1,
             early_stopping_rounds=None, enable_categorical=False,
             eval_metric=None, gamma=0, gpu_id=-1, grow_policy='depthwise',
             importance_type=None, interaction_constraints='',
             learning_rate=0.1, max_bin=256, max_cat_to_onehot=4,
             max_delta_step=0, max_depth=6, max_leaves=0, min_child_weight=1,
             missing=nan, monotone_constraints='()', n_estimators=100, n_jobs=0,
             num_parallel_tree=1, predictor='auto', random_state=0, reg_alpha=0,
             reg_lambda=1, ...)
2022-07-25 at 22:01:56 | INFO |execute_grid_search_operation |
 >>>>>>>>>>>>>>>>>>>> Best Score: >>>>>>>>>>>>>>>>>>>>
2022-07-25 at 22:01:56 | INFO |execute_grid_search_operation |
 0.57700209880066
2022-07-25 at 22:01:56 | INFO |execute_grid_search_operation |
 >>>>>>>>>>>>>>>>>>>> Best Params: >>>>>>>>>>>>>>>>>>>>
2022-07-25 at 22:01:56 | INFO |execute_grid_search_operation |
 {'booster': 'gbtree', 'learning_rate': 0.1, 'n_estimators': 100}
2022-07-25 at 22:01:56 | INFO |class_for_name |
 Executing command: from <module 'sklearn.model_selection' from '/home/pk/Desktop/MachineLearning/project/BigMart-Sales-Data/venv/lib/python3.7/site-packages/sklearn/model_selection/__init__.py'> import GridSearchCV
2022-07-25 at 22:01:56 | INFO |update_property_of_class |
 Executing:$ GridSearchCV(estimator=<catboost.core.CatBoostRegressor object at 0x7f198c5e5090>,
             param_grid={'depth': [4, 5], 'iterations': [100],
                         'l2_leaf_reg': [0.4, 0.5],
                         'learning_rate': [0.1, 0.2]}).cv=5
2022-07-25 at 22:01:56 | INFO |update_property_of_class |
 Executing:$ GridSearchCV(cv=5,
             estimator=<catboost.core.CatBoostRegressor object at 0x7f198c5e5090>,
             param_grid={'depth': [4, 5], 'iterations': [100],
                         'l2_leaf_reg': [0.4, 0.5],
                         'learning_rate': [0.1, 0.2]}).verbose=2
2022-07-25 at 22:01:56 | INFO |update_property_of_class |
 Executing:$ GridSearchCV(cv=5,
             estimator=<catboost.core.CatBoostRegressor object at 0x7f198c5e5090>,
             param_grid={'depth': [4, 5], 'iterations': [100],
                         'l2_leaf_reg': [0.4, 0.5],
                         'learning_rate': [0.1, 0.2]},
             verbose=2).n_jobs=-1
2022-07-25 at 22:01:56 | INFO |execute_grid_search_operation |
 >>>>>>>>>>>>>>>>>>>>>>>>>>>>>>>>>>>>>>>>>>>>>>>>>>>>>>>>>>>> f"Training CatBoostRegressor Started." <<<<<<<<<<<<<<<<<<<<<<<<<<<<<<<<<<<<<<<<<<<<<<<<<<<<<<<<<<<<
2022-07-25 at 22:02:03 | INFO |execute_grid_search_operation |
 >>>>>>>>>>>>>>>>>>>>>>>>>>>>>>>>>>>>>>>>>>>>>>>>>>>>>>>>>>>> f"Training CatBoostRegressor Finished" <<<<<<<<<<<<<<<<<<<<<<<<<<<<<<<<<<<<<<<<<<<<<<<<<<<<<<<<<<<<
2022-07-25 at 22:02:03 | INFO |execute_grid_search_operation |
 >>>>>>>>>>>>>>>>>>>> Best model: >>>>>>>>>>>>>>>>>>>>
2022-07-25 at 22:02:03 | INFO |execute_grid_search_operation |
 <catboost.core.CatBoostRegressor object at 0x7f198c8a8f50>
2022-07-25 at 22:02:03 | INFO |execute_grid_search_operation |
 >>>>>>>>>>>>>>>>>>>> Best Score: >>>>>>>>>>>>>>>>>>>>
2022-07-25 at 22:02:03 | INFO |execute_grid_search_operation |
 0.5986887809363471
2022-07-25 at 22:02:03 | INFO |execute_grid_search_operation |
 >>>>>>>>>>>>>>>>>>>> Best Params: >>>>>>>>>>>>>>>>>>>>
2022-07-25 at 22:02:03 | INFO |execute_grid_search_operation |
 {'depth': 4, 'iterations': 100, 'l2_leaf_reg': 0.4, 'learning_rate': 0.1}
2022-07-25 at 22:02:03 | INFO |get_best_model_from_grid_searched_best_model_list |
 Acceptable model found:GridSearchedBestModel(model_serial_number='model_1', model=RandomForestRegressor(), best_model=RandomForestRegressor(criterion='friedman_mse', max_depth=6), best_parameters={'criterion': 'friedman_mse', 'max_depth': 6, 'max_features': 'auto', 'n_estimators': 100}, best_score=0.5944030193152507)
2022-07-25 at 22:02:03 | INFO |get_best_model_from_grid_searched_best_model_list |
 Acceptable model found:GridSearchedBestModel(model_serial_number='model_3', model=<catboost.core.CatBoostRegressor object at 0x7f198c5e5090>, best_model=<catboost.core.CatBoostRegressor object at 0x7f198c8a8f50>, best_parameters={'depth': 4, 'iterations': 100, 'l2_leaf_reg': 0.4, 'learning_rate': 0.1}, best_score=0.5986887809363471)
2022-07-25 at 22:02:03 | INFO |get_best_model_from_grid_searched_best_model_list |
 Best model: GridSearchedBestModel(model_serial_number='model_3', model=<catboost.core.CatBoostRegressor object at 0x7f198c5e5090>, best_model=<catboost.core.CatBoostRegressor object at 0x7f198c8a8f50>, best_parameters={'depth': 4, 'iterations': 100, 'l2_leaf_reg': 0.4, 'learning_rate': 0.1}, best_score=0.5986887809363471)
2022-07-25 at 22:02:03 | INFO |initiate_model_trainer |
 Best model found on training dataset: GridSearchedBestModel(model_serial_number='model_3', model=<catboost.core.CatBoostRegressor object at 0x7f198c5e5090>, best_model=<catboost.core.CatBoostRegressor object at 0x7f198c8a8f50>, best_parameters={'depth': 4, 'iterations': 100, 'l2_leaf_reg': 0.4, 'learning_rate': 0.1}, best_score=0.5986887809363471)
2022-07-25 at 22:02:03 | INFO |initiate_model_trainer |
 Extracting trained model list.
2022-07-25 at 22:02:03 | INFO |initiate_model_trainer |
 Model list: [RandomForestRegressor(criterion='friedman_mse', max_depth=6), XGBRegressor(base_score=0.5, booster='gbtree', callbacks=None,
             colsample_bylevel=1, colsample_bynode=1, colsample_bytree=1,
             early_stopping_rounds=None, enable_categorical=False,
             eval_metric=None, gamma=0, gpu_id=-1, grow_policy='depthwise',
             importance_type=None, interaction_constraints='',
             learning_rate=0.1, max_bin=256, max_cat_to_onehot=4,
             max_delta_step=0, max_depth=6, max_leaves=0, min_child_weight=1,
             missing=nan, monotone_constraints='()', n_estimators=100, n_jobs=0,
             num_parallel_tree=1, predictor='auto', random_state=0, reg_alpha=0,
             reg_lambda=1, ...), <catboost.core.CatBoostRegressor object at 0x7f198c8a8f50>] , 3
2022-07-25 at 22:02:08 | INFO |get_stacked_model |
 Stacked model: StackingCVRegressor(meta_regressor=<catboost.core.CatBoostRegressor object at 0x7f198d36e310>,
                    regressors=[RandomForestRegressor(criterion='friedman_mse',
                                                      max_depth=6),
                                XGBRegressor(base_score=0.5, booster='gbtree',
                                             callbacks=None,
                                             colsample_bylevel=1,
                                             colsample_bynode=1,
                                             colsample_bytree=1,
                                             early_stopping_rounds=None,
                                             enable_categorical=False,
                                             eval_metric=None,...
                                             importance_type=None,
                                             interaction_constraints='',
                                             learning_rate=0.1, max_bin=256,
                                             max_cat_to_onehot=4,
                                             max_delta_step=0, max_depth=6,
                                             max_leaves=0, min_child_weight=1,
                                             missing=nan,
                                             monotone_constraints='()',
                                             n_estimators=100, n_jobs=0,
                                             num_parallel_tree=1,
                                             predictor='auto', random_state=0,
                                             reg_alpha=0, reg_lambda=1, ...),
                                <catboost.core.CatBoostRegressor object at 0x7f198c8a8f50>])
2022-07-25 at 22:02:08 | INFO |initiate_model_trainer |
 Stacked model found: StackingCVRegressor(meta_regressor=<catboost.core.CatBoostRegressor object at 0x7f198d36e310>,
                    regressors=[RandomForestRegressor(criterion='friedman_mse',
                                                      max_depth=6),
                                XGBRegressor(base_score=0.5, booster='gbtree',
                                             callbacks=None,
                                             colsample_bylevel=1,
                                             colsample_bynode=1,
                                             colsample_bytree=1,
                                             early_stopping_rounds=None,
                                             enable_categorical=False,
                                             eval_metric=None,...
                                             importance_type=None,
                                             interaction_constraints='',
                                             learning_rate=0.1, max_bin=256,
                                             max_cat_to_onehot=4,
                                             max_delta_step=0, max_depth=6,
                                             max_leaves=0, min_child_weight=1,
                                             missing=nan,
                                             monotone_constraints='()',
                                             n_estimators=100, n_jobs=0,
                                             num_parallel_tree=1,
                                             predictor='auto', random_state=0,
                                             reg_alpha=0, reg_lambda=1, ...),
                                <catboost.core.CatBoostRegressor object at 0x7f198c8a8f50>])
2022-07-25 at 22:02:08 | INFO |initiate_model_trainer |
 Stacked model list: [RandomForestRegressor(criterion='friedman_mse', max_depth=6), XGBRegressor(base_score=0.5, booster='gbtree', callbacks=None,
             colsample_bylevel=1, colsample_bynode=1, colsample_bytree=1,
             early_stopping_rounds=None, enable_categorical=False,
             eval_metric=None, gamma=0, gpu_id=-1, grow_policy='depthwise',
             importance_type=None, interaction_constraints='',
             learning_rate=0.1, max_bin=256, max_cat_to_onehot=4,
             max_delta_step=0, max_depth=6, max_leaves=0, min_child_weight=1,
             missing=nan, monotone_constraints='()', n_estimators=100, n_jobs=0,
             num_parallel_tree=1, predictor='auto', random_state=0, reg_alpha=0,
             reg_lambda=1, ...), <catboost.core.CatBoostRegressor object at 0x7f198c8a8f50>, StackingCVRegressor(meta_regressor=<catboost.core.CatBoostRegressor object at 0x7f198d36e310>,
                    regressors=[RandomForestRegressor(criterion='friedman_mse',
                                                      max_depth=6),
                                XGBRegressor(base_score=0.5, booster='gbtree',
                                             callbacks=None,
                                             colsample_bylevel=1,
                                             colsample_bynode=1,
                                             colsample_bytree=1,
                                             early_stopping_rounds=None,
                                             enable_categorical=False,
                                             eval_metric=None,...
                                             importance_type=None,
                                             interaction_constraints='',
                                             learning_rate=0.1, max_bin=256,
                                             max_cat_to_onehot=4,
                                             max_delta_step=0, max_depth=6,
                                             max_leaves=0, min_child_weight=1,
                                             missing=nan,
                                             monotone_constraints='()',
                                             n_estimators=100, n_jobs=0,
                                             num_parallel_tree=1,
                                             predictor='auto', random_state=0,
                                             reg_alpha=0, reg_lambda=1, ...),
                                <catboost.core.CatBoostRegressor object at 0x7f198c8a8f50>])] , 4
2022-07-25 at 22:02:08 | INFO |initiate_model_trainer |
 Evaluation all trained model on training and testing dataset both
2022-07-25 at 22:02:08 | INFO |evaluate_regression_model |
 >>>>>>>>>>>>>>>>>>>>>>>>>>>>>>>>>>>>>>>>>>>>>>>>>>>>>>>>>>>>Started evaluating model: [RandomForestRegressor] <<<<<<<<<<<<<<<<<<<<<<<<<<<<<<<<<<<<<<<<<<<<<<<<<<<<<<<<<<<<
2022-07-25 at 22:02:08 | INFO |evaluate_regression_model |
 >>>>>>>>>>>>>>>>>>>>>>>>>>>>>>>>>>>>>>>>>>>>>>>>>>>>>>>>>>>> Score <<<<<<<<<<<<<<<<<<<<<<<<<<<<<<<<<<<<<<<<<<<<<<<<<<<<<<<<<<<<
2022-07-25 at 22:02:08 | INFO |evaluate_regression_model |
 Train Score		 Test Score		 Average Score
2022-07-25 at 22:02:08 | INFO |evaluate_regression_model |
 0.6280568802584634		 0.5825848636941751		0.6044669016334199
2022-07-25 at 22:02:08 | INFO |evaluate_regression_model |
 >>>>>>>>>>>>>>>>>>>>>>>>>>>>>>>>>>>>>>>>>>>>>>>>>>>>>>>>>>>> Loss <<<<<<<<<<<<<<<<<<<<<<<<<<<<<<<<<<<<<<<<<<<<<<<<<<<<<<<<<<<<
2022-07-25 at 22:02:08 | INFO |evaluate_regression_model |
 Diff test train accuracy: [0.04547201656428834].
2022-07-25 at 22:02:08 | INFO |evaluate_regression_model |
 Train root mean squared error: [1044.5730326325358].
2022-07-25 at 22:02:08 | INFO |evaluate_regression_model |
 Test root mean squared error: [1085.8348676485973].
2022-07-25 at 22:02:08 | INFO |evaluate_regression_model |
 Acceptable model found MetricInfoArtifact(model_name="RandomForestRegressor(criterion='friedman_mse', max_depth=6)", model_object=RandomForestRegressor(criterion='friedman_mse', max_depth=6), train_rmse=1044.5730326325358, test_rmse=1085.8348676485973, train_accuracy=0.6280568802584634, test_accuracy=0.5825848636941751, model_accuracy=0.6044669016334199, index_number=0). 
2022-07-25 at 22:02:08 | INFO |evaluate_regression_model |
 >>>>>>>>>>>>>>>>>>>>>>>>>>>>>>>>>>>>>>>>>>>>>>>>>>>>>>>>>>>>Started evaluating model: [XGBRegressor] <<<<<<<<<<<<<<<<<<<<<<<<<<<<<<<<<<<<<<<<<<<<<<<<<<<<<<<<<<<<
2022-07-25 at 22:02:08 | INFO |evaluate_regression_model |
 >>>>>>>>>>>>>>>>>>>>>>>>>>>>>>>>>>>>>>>>>>>>>>>>>>>>>>>>>>>> Score <<<<<<<<<<<<<<<<<<<<<<<<<<<<<<<<<<<<<<<<<<<<<<<<<<<<<<<<<<<<
2022-07-25 at 22:02:08 | INFO |evaluate_regression_model |
 Train Score		 Test Score		 Average Score
2022-07-25 at 22:02:08 | INFO |evaluate_regression_model |
 0.7300148613260701		 0.5425225857726884		0.6224564174862725
2022-07-25 at 22:02:08 | INFO |evaluate_regression_model |
 >>>>>>>>>>>>>>>>>>>>>>>>>>>>>>>>>>>>>>>>>>>>>>>>>>>>>>>>>>>> Loss <<<<<<<<<<<<<<<<<<<<<<<<<<<<<<<<<<<<<<<<<<<<<<<<<<<<<<<<<<<<
2022-07-25 at 22:02:08 | INFO |evaluate_regression_model |
 Diff test train accuracy: [0.18749227555338166].
2022-07-25 at 22:02:08 | INFO |evaluate_regression_model |
 Train root mean squared error: [889.959973510163].
2022-07-25 at 22:02:08 | INFO |evaluate_regression_model |
 Test root mean squared error: [1136.748828978459].
2022-07-25 at 22:02:08 | INFO |evaluate_regression_model |
 >>>>>>>>>>>>>>>>>>>>>>>>>>>>>>>>>>>>>>>>>>>>>>>>>>>>>>>>>>>>Started evaluating model: [CatBoostRegressor] <<<<<<<<<<<<<<<<<<<<<<<<<<<<<<<<<<<<<<<<<<<<<<<<<<<<<<<<<<<<
2022-07-25 at 22:02:08 | INFO |evaluate_regression_model |
 >>>>>>>>>>>>>>>>>>>>>>>>>>>>>>>>>>>>>>>>>>>>>>>>>>>>>>>>>>>> Score <<<<<<<<<<<<<<<<<<<<<<<<<<<<<<<<<<<<<<<<<<<<<<<<<<<<<<<<<<<<
2022-07-25 at 22:02:08 | INFO |evaluate_regression_model |
 Train Score		 Test Score		 Average Score
2022-07-25 at 22:02:08 | INFO |evaluate_regression_model |
 0.6247136238163543		 0.5878266028840662		0.6057090382273825
2022-07-25 at 22:02:08 | INFO |evaluate_regression_model |
 >>>>>>>>>>>>>>>>>>>>>>>>>>>>>>>>>>>>>>>>>>>>>>>>>>>>>>>>>>>> Loss <<<<<<<<<<<<<<<<<<<<<<<<<<<<<<<<<<<<<<<<<<<<<<<<<<<<<<<<<<<<
2022-07-25 at 22:02:08 | INFO |evaluate_regression_model |
 Diff test train accuracy: [0.03688702093228813].
2022-07-25 at 22:02:08 | INFO |evaluate_regression_model |
 Train root mean squared error: [1049.2571667403834].
2022-07-25 at 22:02:08 | INFO |evaluate_regression_model |
 Test root mean squared error: [1078.9955796179067].
2022-07-25 at 22:02:08 | INFO |evaluate_regression_model |
 Acceptable model found MetricInfoArtifact(model_name='<catboost.core.CatBoostRegressor object at 0x7f198c8a8f50>', model_object=<catboost.core.CatBoostRegressor object at 0x7f198c8a8f50>, train_rmse=1049.2571667403834, test_rmse=1078.9955796179067, train_accuracy=0.6247136238163543, test_accuracy=0.5878266028840662, model_accuracy=0.6057090382273825, index_number=2). 
2022-07-25 at 22:02:08 | INFO |evaluate_regression_model |
 >>>>>>>>>>>>>>>>>>>>>>>>>>>>>>>>>>>>>>>>>>>>>>>>>>>>>>>>>>>>Started evaluating model: [StackingCVRegressor] <<<<<<<<<<<<<<<<<<<<<<<<<<<<<<<<<<<<<<<<<<<<<<<<<<<<<<<<<<<<
2022-07-25 at 22:02:08 | INFO |evaluate_regression_model |
 >>>>>>>>>>>>>>>>>>>>>>>>>>>>>>>>>>>>>>>>>>>>>>>>>>>>>>>>>>>> Score <<<<<<<<<<<<<<<<<<<<<<<<<<<<<<<<<<<<<<<<<<<<<<<<<<<<<<<<<<<<
2022-07-25 at 22:02:08 | INFO |evaluate_regression_model |
 Train Score		 Test Score		 Average Score
2022-07-25 at 22:02:08 | INFO |evaluate_regression_model |
 0.6371082307405453		 0.5843519713215322		0.6095907995199508
2022-07-25 at 22:02:08 | INFO |evaluate_regression_model |
 >>>>>>>>>>>>>>>>>>>>>>>>>>>>>>>>>>>>>>>>>>>>>>>>>>>>>>>>>>>> Loss <<<<<<<<<<<<<<<<<<<<<<<<<<<<<<<<<<<<<<<<<<<<<<<<<<<<<<<<<<<<
2022-07-25 at 22:02:08 | INFO |evaluate_regression_model |
 Diff test train accuracy: [0.052756259419013185].
2022-07-25 at 22:02:08 | INFO |evaluate_regression_model |
 Train root mean squared error: [1031.7847483560508].
2022-07-25 at 22:02:08 | INFO |evaluate_regression_model |
 Test root mean squared error: [1083.5340141413367].
2022-07-25 at 22:02:08 | INFO |initiate_model_trainer |
 Best found model on both training and testing dataset.
2022-07-25 at 22:02:08 | INFO |initiate_model_trainer |
 Saving model at path: /home/pk/Desktop/MachineLearning/project/BigMart-Sales-Data/BigmartsalesPrediction/app_artifact/stage03_model_training/bc4377fc-e637-4922-a7c9-3438f286c8ab/trained_model/model.pkl
2022-07-25 at 22:02:08 | INFO |initiate_model_trainer |
 Model Trainer Artifact: ModelTrainerArtifact(is_trained=True, message='Model Trained successfully', trained_model_file_path='/home/pk/Desktop/MachineLearning/project/BigMart-Sales-Data/BigmartsalesPrediction/app_artifact/stage03_model_training/bc4377fc-e637-4922-a7c9-3438f286c8ab/trained_model/model.pkl', train_rmse=1049.2571667403834, test_rmse=1078.9955796179067, train_accuracy=0.6247136238163543, test_accuracy=0.5878266028840662, model_accuracy=0.6057090382273825)
2022-07-25 at 22:02:08 | INFO |__del__ |
 >>>>>>>>>>>>>>>>>>>>>>>>>>>>>>>>>>>>>>>>>>>>>>>>>>>>>>>>>>>>Model trainer log completed.<<<<<<<<<<<<<<<<<<<<<<<<<<<<<<<<<<<<<<<<<<<<<<<<<<<<<<<<<<<< 
2022-07-25 at 22:02:08 | INFO |get_model_evaluation_config |
 Model Evaluation Config: ModelEvaluationConfig(model_evaluation_file_path='/home/pk/Desktop/MachineLearning/project/BigMart-Sales-Data/BigmartsalesPrediction/app_artifact/stage04_model_evaluation/model_evaluation.yaml', saved_model_dir='/home/pk/Desktop/MachineLearning/project/BigMart-Sales-Data/saved_models', time_stamp='2022-07-25-22-01-38').
2022-07-25 at 22:02:08 | INFO |__init__ |
 >>>>>>>>>>>>>>>>>>>>>>>>>>>>>>>>>>>>>>>>>>>>>>>>>>>>>>>>>>>>Model Evaluation log started.<<<<<<<<<<<<<<<<<<<<<<<<<<<<<<<<<<<<<<<<<<<<<<<<<<<<<<<<<<<< 
2022-07-25 at 22:02:08 | INFO |initiate_model_evaluation |
 Converting target column into numpy array.
2022-07-25 at 22:02:08 | INFO |initiate_model_evaluation |
 Conversion completed target column into numpy array.
2022-07-25 at 22:02:08 | INFO |initiate_model_evaluation |
 Dropping target column from the dataframe.
2022-07-25 at 22:02:08 | INFO |initiate_model_evaluation |
 Dropping target column from the dataframe completed.
2022-07-25 at 22:02:08 | INFO |initiate_model_evaluation |
 Not found any existing model. Hence accepting trained model
2022-07-25 at 22:02:08 | INFO |update_evaluation_report |
 Previous eval result: {'best_model': {'model_path': '/home/pk/Desktop/MachineLearning/project/BigMart-Sales-Data/BigmartsalesPrediction/app_artifact/stage03_model_training/569bf272-b144-42e9-9291-430c7ccbe322/trained_model/model.pkl'}, 'history': {'2022-07-21-23-44-15': {'model_path': '/home/studio-lab-user/BigMart-Sales-Data/BigmartsalesPrediction/app_artifact/stage03_model_training/7e4a5e91-e6cc-4d19-861b-ae41cc20367d/trained_model/model.pkl'}, '2022-07-21-23-44-19': {'model_path': '/home/pk/Desktop/MachineLearning/project/BigMart-Sales-Data/BigmartsalesPrediction/app_artifact/stage03_model_training/5af0764c-56e6-4229-8c0a-53e9c9779298/trained_model/model.pkl'}, '2022-07-22-02-35-47': {'model_path': '/home/pk/Desktop/MachineLearning/project/BigMart-Sales-Data/BigmartsalesPrediction/app_artifact/stage03_model_training/94cbbf94-46c2-4a28-8f6d-dbf44d9c4fe8/trained_model/model.pkl'}, '2022-07-22-02-46-17': {'model_path': '/home/pk/Desktop/MachineLearning/project/BigMart-Sales-Data/BigmartsalesPrediction/app_artifact/stage03_model_training/6fb538ca-f40a-4b77-8d7c-1cb5d88e0070/trained_model/model.pkl'}, '2022-07-24-00-56-36': {'model_path': '/home/pk/Desktop/MachineLearning/project/BigMart-Sales-Data/BigmartsalesPrediction/app_artifact/stage03_model_training/a6a40d10-327c-4e95-9cb9-50b5781b84af/trained_model/model.pkl'}, '2022-07-24-14-02-58': {'model_path': '/home/pk/Desktop/MachineLearning/project/BigMart-Sales-Data/BigmartsalesPrediction/app_artifact/stage03_model_training/df199a98-8db9-44e8-94d9-dce78acb14c3/trained_model/model.pkl'}, '2022-07-25-14-31-05': {'model_path': '/home/pk/Desktop/MachineLearning/project/BigMart-Sales-Data/BigmartsalesPrediction/app_artifact/stage03_model_training/a68af26f-1de7-4c83-a653-3f11ca286a1a/trained_model/model.pkl'}}}
2022-07-25 at 22:02:08 | INFO |update_evaluation_report |
 Updated eval result:{'best_model': {'model_path': '/home/pk/Desktop/MachineLearning/project/BigMart-Sales-Data/BigmartsalesPrediction/app_artifact/stage03_model_training/bc4377fc-e637-4922-a7c9-3438f286c8ab/trained_model/model.pkl'}, 'history': {'2022-07-21-23-44-15': {'model_path': '/home/studio-lab-user/BigMart-Sales-Data/BigmartsalesPrediction/app_artifact/stage03_model_training/7e4a5e91-e6cc-4d19-861b-ae41cc20367d/trained_model/model.pkl'}, '2022-07-21-23-44-19': {'model_path': '/home/pk/Desktop/MachineLearning/project/BigMart-Sales-Data/BigmartsalesPrediction/app_artifact/stage03_model_training/5af0764c-56e6-4229-8c0a-53e9c9779298/trained_model/model.pkl'}, '2022-07-22-02-35-47': {'model_path': '/home/pk/Desktop/MachineLearning/project/BigMart-Sales-Data/BigmartsalesPrediction/app_artifact/stage03_model_training/94cbbf94-46c2-4a28-8f6d-dbf44d9c4fe8/trained_model/model.pkl'}, '2022-07-22-02-46-17': {'model_path': '/home/pk/Desktop/MachineLearning/project/BigMart-Sales-Data/BigmartsalesPrediction/app_artifact/stage03_model_training/6fb538ca-f40a-4b77-8d7c-1cb5d88e0070/trained_model/model.pkl'}, '2022-07-24-00-56-36': {'model_path': '/home/pk/Desktop/MachineLearning/project/BigMart-Sales-Data/BigmartsalesPrediction/app_artifact/stage03_model_training/a6a40d10-327c-4e95-9cb9-50b5781b84af/trained_model/model.pkl'}, '2022-07-24-14-02-58': {'model_path': '/home/pk/Desktop/MachineLearning/project/BigMart-Sales-Data/BigmartsalesPrediction/app_artifact/stage03_model_training/df199a98-8db9-44e8-94d9-dce78acb14c3/trained_model/model.pkl'}, '2022-07-25-14-31-05': {'model_path': '/home/pk/Desktop/MachineLearning/project/BigMart-Sales-Data/BigmartsalesPrediction/app_artifact/stage03_model_training/a68af26f-1de7-4c83-a653-3f11ca286a1a/trained_model/model.pkl'}, '2022-07-25-22-01-38': {'model_path': '/home/pk/Desktop/MachineLearning/project/BigMart-Sales-Data/BigmartsalesPrediction/app_artifact/stage03_model_training/569bf272-b144-42e9-9291-430c7ccbe322/trained_model/model.pkl'}}}
2022-07-25 at 22:02:08 | INFO |initiate_model_evaluation |
 Model accepted. Model eval artifact ModelEvaluationArtifact(is_model_accepted=True, evaluated_model_path='/home/pk/Desktop/MachineLearning/project/BigMart-Sales-Data/BigmartsalesPrediction/app_artifact/stage03_model_training/bc4377fc-e637-4922-a7c9-3438f286c8ab/trained_model/model.pkl') created
2022-07-25 at 22:02:08 | INFO |__del__ |
 ====================Model Evaluation log completed.==================== 
2022-07-25 at 22:02:08 | INFO |get_model_pusher_config |
 Model pusher config ModelPusherConfig(export_dir_path='/home/pk/Desktop/MachineLearning/project/BigMart-Sales-Data/saved_models/20220725220208')
2022-07-25 at 22:02:08 | INFO |__init__ |
 >>>>>>>>>>>>>>>>>>>>>>>>>>>>>>>>>>>>>>>>>>>>>>>>>>>>>>>>>>>>Model Pusher log started.<<<<<<<<<<<<<<<<<<<<<<<<<<<<<<<<<<<<<<<<<<<<<<<<<<<<<<<<<<<< 
2022-07-25 at 22:02:08 | INFO |export_model |
 Exporting model file: [/home/pk/Desktop/MachineLearning/project/BigMart-Sales-Data/saved_models/20220725220208/model.pkl]
2022-07-25 at 22:02:08 | INFO |export_model |
 Trained model: /home/pk/Desktop/MachineLearning/project/BigMart-Sales-Data/BigmartsalesPrediction/app_artifact/stage03_model_training/bc4377fc-e637-4922-a7c9-3438f286c8ab/trained_model/model.pkl is copied in export dir:[/home/pk/Desktop/MachineLearning/project/BigMart-Sales-Data/saved_models/20220725220208/model.pkl]
2022-07-25 at 22:02:08 | INFO |export_model |
 Model pusher artifact: [ModelPusherArtifact(is_model_pusher=True, export_model_file_path='/home/pk/Desktop/MachineLearning/project/BigMart-Sales-Data/saved_models/20220725220208/model.pkl')]
2022-07-25 at 22:02:08 | INFO |__del__ |
 >>>>>>>>>>>>>>>>>>>>>>>>>>>>>>>>>>>>>>>>Model Pusher log completed.<<<<<<<<<<<<<<<<<<<<<<<<<<<<<<<<<<<<<<<< 
2022-07-25 at 22:02:08 | INFO |run_pipeline |
 Model pusher artifact: ModelPusherArtifact(is_model_pusher=True, export_model_file_path='/home/pk/Desktop/MachineLearning/project/BigMart-Sales-Data/saved_models/20220725220208/model.pkl')
2022-07-25 at 22:02:08 | INFO |run_pipeline |
 Pipeline completed.
2022-07-25 at 22:02:08 | INFO |run_pipeline |
 Pipeline experiment: Experiment(experiment_id='bc4377fc-e637-4922-a7c9-3438f286c8ab', initialization_timestamp='2022-07-25-22-01-38', artifact_dir='/home/pk/Desktop/MachineLearning/project/BigMart-Sales-Data/BigmartsalesPrediction/app_artifact', running_status=False, start_time=datetime.datetime(2022, 7, 25, 22, 1, 39, 586064), stop_time=datetime.datetime(2022, 7, 25, 22, 2, 8, 217156), execution_time=datetime.timedelta(seconds=28, microseconds=631092), message='Pipeline has been completed.', experiment_file_path='/home/pk/Desktop/MachineLearning/project/BigMart-Sales-Data/BigmartsalesPrediction/app_artifact/experiment/experiment.csv', accuracy=0.6057090382273825, is_model_accepted=True)
